<?xml version="1.0" encoding="UTF-8"?>
<testng-results ignored="0" total="6" passed="4" failed="2" skipped="0">
  <reporter-output>
  </reporter-output>
  <suite started-at="2026-04-23T09:06:55Z" name="AllTests" finished-at="2026-04-23T09:06:56Z" duration-ms="396">
    <groups>
      <group name="public">
        <method signature="Autograder.test_public_01()[pri:0, instance:Autograder@6c1a5b54]" name="test_public_01" class="Autograder"/>
        <method signature="Autograder.test_public_02()[pri:0, instance:Autograder@6c1a5b54]" name="test_public_02" class="Autograder"/>
        <method signature="Autograder.test_public_03()[pri:0, instance:Autograder@6c1a5b54]" name="test_public_03" class="Autograder"/>
        <method signature="Autograder.test_public_04()[pri:0, instance:Autograder@6c1a5b54]" name="test_public_04" class="Autograder"/>
        <method signature="Autograder.test_public_05()[pri:0, instance:Autograder@6c1a5b54]" name="test_public_05" class="Autograder"/>
        <method signature="Autograder.test_public_06()[pri:0, instance:Autograder@6c1a5b54]" name="test_public_06" class="Autograder"/>
      </group> <!-- public -->
    </groups>
    <test started-at="2026-04-23T09:06:55Z" name="tests" finished-at="2026-04-23T09:06:56Z" duration-ms="396">
      <class name="Autograder">
        <test-method signature="test_public_01()[pri:0, instance:Autograder@6c1a5b54]" started-at="2026-04-23T09:06:56Z" name="test_public_01" finished-at="2026-04-23T09:06:56Z" duration-ms="30" status="PASS">
          <reporter-output>
          </reporter-output>
          <attributes>
            <attribute name="output">
              <![CDATA[aaaa]]>
            </attribute> <!-- output -->
            <attribute name="expression">
              <![CDATA[EmojiChecker.containsEmoji("aaaa")]]>
            </attribute> <!-- expression -->
            <attribute name="expected">
              <![CDATA[aaaa]]>
            </attribute> <!-- expected -->
            <attribute name="hint">
              <![CDATA[1]]>
            </attribute> <!-- hint -->
          </attributes>
        </test-method> <!-- test_public_01 -->
        <test-method signature="test_public_02()[pri:0, instance:Autograder@6c1a5b54]" started-at="2026-04-23T09:06:56Z" name="test_public_02" finished-at="2026-04-23T09:06:56Z" duration-ms="1" status="PASS">
          <reporter-output>
          </reporter-output>
          <attributes>
            <attribute name="output">
              <![CDATA[Hello :)   ]]>
            </attribute> <!-- output -->
            <attribute name="expression">
              <![CDATA[EmojiChecker.containsEmoji("Hello 🙂   ")]]>
            </attribute> <!-- expression -->
            <attribute name="expected">
              <![CDATA[Hello :)   ]]>
            </attribute> <!-- expected -->
            <attribute name="hint">
              <![CDATA[2]]>
            </attribute> <!-- hint -->
          </attributes>
        </test-method> <!-- test_public_02 -->
        <test-method signature="test_public_03()[pri:0, instance:Autograder@6c1a5b54]" started-at="2026-04-23T09:06:56Z" name="test_public_03" finished-at="2026-04-23T09:06:56Z" duration-ms="5" status="FAIL">
          <exception class="java.lang.AssertionError">
            <message>
              <![CDATA[expected [ 8-)   
coolman] but found [ 😎   
coolman]]]>
            </message>
            <full-stacktrace>
              <![CDATA[java.lang.AssertionError: expected [ 8-)   
coolman] but found [ 😎   
coolman]
	at org.testng.Assert.fail(Assert.java:93)
	at org.testng.Assert.failNotEquals(Assert.java:512)
	at org.testng.Assert.assertEqualsImpl(Assert.java:134)
	at org.testng.Assert.assertEquals(Assert.java:115)
	at org.testng.Assert.assertEquals(Assert.java:178)
	at Autograder.expectEquals(Unknown Source)
	at Autograder.test_public_03(Unknown Source)
	at java.base/jdk.internal.reflect.DirectMethodHandleAccessor.invoke(DirectMethodHandleAccessor.java:103)
	at java.base/java.lang.reflect.Method.invoke(Method.java:580)
	at org.testng.internal.MethodInvocationHelper.invokeMethod(MethodInvocationHelper.java:108)
	at org.testng.internal.Invoker.invokeMethod(Invoker.java:661)
	at org.testng.internal.Invoker.invokeTestMethod(Invoker.java:869)
	at org.testng.internal.Invoker.invokeTestMethods(Invoker.java:1193)
	at org.testng.internal.TestMethodWorker.invokeTestMethods(TestMethodWorker.java:126)
	at org.testng.internal.TestMethodWorker.run(TestMethodWorker.java:109)
	at org.testng.TestRunner.privateRun(TestRunner.java:744)
	at org.testng.TestRunner.run(TestRunner.java:602)
	at org.testng.SuiteRunner.runTest(SuiteRunner.java:380)
	at org.testng.SuiteRunner.runSequentially(SuiteRunner.java:375)
	at org.testng.SuiteRunner.privateRun(SuiteRunner.java:340)
	at org.testng.SuiteRunner.run(SuiteRunner.java:289)
	at org.testng.SuiteRunnerWorker.runSuite(SuiteRunnerWorker.java:52)
	at org.testng.SuiteRunnerWorker.run(SuiteRunnerWorker.java:86)
	at org.testng.TestNG.runSuitesSequentially(TestNG.java:1301)
	at org.testng.TestNG.runSuitesLocally(TestNG.java:1226)
	at org.testng.TestNG.runSuites(TestNG.java:1144)
	at org.testng.TestNG.run(TestNG.java:1115)
	at RunTests.main(Unknown Source)
	at java.base/jdk.internal.reflect.DirectMethodHandleAccessor.invoke(DirectMethodHandleAccessor.java:103)
	at java.base/java.lang.reflect.Method.invoke(Method.java:580)
	at org.apache.tools.ant.taskdefs.ExecuteJava.run(ExecuteJava.java:218)
	at org.apache.tools.ant.taskdefs.ExecuteJava.execute(ExecuteJava.java:155)
	at org.apache.tools.ant.taskdefs.Java.run(Java.java:891)
	at org.apache.tools.ant.taskdefs.Java.executeJava(Java.java:231)
	at org.apache.tools.ant.taskdefs.Java.executeJava(Java.java:135)
	at org.apache.tools.ant.taskdefs.Java.execute(Java.java:108)
	at org.apache.tools.ant.UnknownElement.execute(UnknownElement.java:299)
	at java.base/jdk.internal.reflect.DirectMethodHandleAccessor.invoke(DirectMethodHandleAccessor.java:103)
	at java.base/java.lang.reflect.Method.invoke(Method.java:580)
	at org.apache.tools.ant.dispatch.DispatchUtils.execute(DispatchUtils.java:99)
	at org.apache.tools.ant.Task.perform(Task.java:350)
	at org.apache.tools.ant.Target.execute(Target.java:449)
	at org.apache.tools.ant.Target.performTasks(Target.java:470)
	at org.apache.tools.ant.Project.executeSortedTargets(Project.java:1401)
	at org.apache.tools.ant.Project.executeTarget(Project.java:1374)
	at org.apache.tools.ant.helper.DefaultExecutor.executeTargets(DefaultExecutor.java:41)
	at org.apache.tools.ant.Project.executeTargets(Project.java:1264)
	at org.apache.tools.ant.Main.runBuild(Main.java:818)
	at org.apache.tools.ant.Main.startAnt(Main.java:223)
	at org.apache.tools.ant.launch.Launcher.run(Launcher.java:284)
	at org.apache.tools.ant.launch.Launcher.main(Launcher.java:101)
]]>
            </full-stacktrace>
          </exception> <!-- java.lang.AssertionError -->
          <reporter-output>
          </reporter-output>
          <attributes>
            <attribute name="output">
              <![CDATA[ 😎   
coolman]]>
            </attribute> <!-- output -->
            <attribute name="expression">
              <![CDATA[EmojiChecker.containsEmoji(" 😎   \ncoolman")]]>
            </attribute> <!-- expression -->
            <attribute name="expected">
              <![CDATA[ 8-)   
coolman]]>
            </attribute> <!-- expected -->
            <attribute name="hint">
              <![CDATA[3]]>
            </attribute> <!-- hint -->
          </attributes>
        </test-method> <!-- test_public_03 -->
        <test-method signature="test_public_04()[pri:0, instance:Autograder@6c1a5b54]" started-at="2026-04-23T09:06:56Z" name="test_public_04" finished-at="2026-04-23T09:06:56Z" duration-ms="2" status="FAIL">
          <exception class="java.lang.AssertionError">
            <message>
              <![CDATA[expected [I <3 Java] but found [I ❤️ Java]]]>
            </message>
            <full-stacktrace>
              <![CDATA[java.lang.AssertionError: expected [I <3 Java] but found [I ❤️ Java]
	at org.testng.Assert.fail(Assert.java:93)
	at org.testng.Assert.failNotEquals(Assert.java:512)
	at org.testng.Assert.assertEqualsImpl(Assert.java:134)
	at org.testng.Assert.assertEquals(Assert.java:115)
	at org.testng.Assert.assertEquals(Assert.java:178)
	at Autograder.expectEquals(Unknown Source)
	at Autograder.test_public_04(Unknown Source)
	at java.base/jdk.internal.reflect.DirectMethodHandleAccessor.invoke(DirectMethodHandleAccessor.java:103)
	at java.base/java.lang.reflect.Method.invoke(Method.java:580)
	at org.testng.internal.MethodInvocationHelper.invokeMethod(MethodInvocationHelper.java:108)
	at org.testng.internal.Invoker.invokeMethod(Invoker.java:661)
	at org.testng.internal.Invoker.invokeTestMethod(Invoker.java:869)
	at org.testng.internal.Invoker.invokeTestMethods(Invoker.java:1193)
	at org.testng.internal.TestMethodWorker.invokeTestMethods(TestMethodWorker.java:126)
	at org.testng.internal.TestMethodWorker.run(TestMethodWorker.java:109)
	at org.testng.TestRunner.privateRun(TestRunner.java:744)
	at org.testng.TestRunner.run(TestRunner.java:602)
	at org.testng.SuiteRunner.runTest(SuiteRunner.java:380)
	at org.testng.SuiteRunner.runSequentially(SuiteRunner.java:375)
	at org.testng.SuiteRunner.privateRun(SuiteRunner.java:340)
	at org.testng.SuiteRunner.run(SuiteRunner.java:289)
	at org.testng.SuiteRunnerWorker.runSuite(SuiteRunnerWorker.java:52)
	at org.testng.SuiteRunnerWorker.run(SuiteRunnerWorker.java:86)
	at org.testng.TestNG.runSuitesSequentially(TestNG.java:1301)
	at org.testng.TestNG.runSuitesLocally(TestNG.java:1226)
	at org.testng.TestNG.runSuites(TestNG.java:1144)
	at org.testng.TestNG.run(TestNG.java:1115)
	at RunTests.main(Unknown Source)
	at java.base/jdk.internal.reflect.DirectMethodHandleAccessor.invoke(DirectMethodHandleAccessor.java:103)
	at java.base/java.lang.reflect.Method.invoke(Method.java:580)
	at org.apache.tools.ant.taskdefs.ExecuteJava.run(ExecuteJava.java:218)
	at org.apache.tools.ant.taskdefs.ExecuteJava.execute(ExecuteJava.java:155)
	at org.apache.tools.ant.taskdefs.Java.run(Java.java:891)
	at org.apache.tools.ant.taskdefs.Java.executeJava(Java.java:231)
	at org.apache.tools.ant.taskdefs.Java.executeJava(Java.java:135)
	at org.apache.tools.ant.taskdefs.Java.execute(Java.java:108)
	at org.apache.tools.ant.UnknownElement.execute(UnknownElement.java:299)
	at java.base/jdk.internal.reflect.DirectMethodHandleAccessor.invoke(DirectMethodHandleAccessor.java:103)
	at java.base/java.lang.reflect.Method.invoke(Method.java:580)
	at org.apache.tools.ant.dispatch.DispatchUtils.execute(DispatchUtils.java:99)
	at org.apache.tools.ant.Task.perform(Task.java:350)
	at org.apache.tools.ant.Target.execute(Target.java:449)
	at org.apache.tools.ant.Target.performTasks(Target.java:470)
	at org.apache.tools.ant.Project.executeSortedTargets(Project.java:1401)
	at org.apache.tools.ant.Project.executeTarget(Project.java:1374)
	at org.apache.tools.ant.helper.DefaultExecutor.executeTargets(DefaultExecutor.java:41)
	at org.apache.tools.ant.Project.executeTargets(Project.java:1264)
	at org.apache.tools.ant.Main.runBuild(Main.java:818)
	at org.apache.tools.ant.Main.startAnt(Main.java:223)
	at org.apache.tools.ant.launch.Launcher.run(Launcher.java:284)
	at org.apache.tools.ant.launch.Launcher.main(Launcher.java:101)
]]>
            </full-stacktrace>
          </exception> <!-- java.lang.AssertionError -->
          <reporter-output>
          </reporter-output>
          <attributes>
            <attribute name="output">
              <![CDATA[I ❤️ Java]]>
            </attribute> <!-- output -->
            <attribute name="expression">
              <![CDATA[EmojiChecker.containsEmoji("I ❤️ Java")]]>
            </attribute> <!-- expression -->
            <attribute name="expected">
              <![CDATA[I <3 Java]]>
            </attribute> <!-- expected -->
            <attribute name="hint">
              <![CDATA[4]]>
            </attribute> <!-- hint -->
          </attributes>
        </test-method> <!-- test_public_04 -->
        <test-method signature="test_public_05()[pri:0, instance:Autograder@6c1a5b54]" started-at="2026-04-23T09:06:56Z" name="test_public_05" finished-at="2026-04-23T09:06:56Z" duration-ms="0" status="PASS">
          <reporter-output>
          </reporter-output>
          <attributes>
            <attribute name="output">
              <![CDATA[fake&#10;real
fake&#10;end]]>
            </attribute> <!-- output -->
            <attribute name="expression">
              <![CDATA[EmojiChecker.containsEmoji("fake&#10;real\nfake&#10;end")]]>
            </attribute> <!-- expression -->
            <attribute name="expected">
              <![CDATA[fake&#10;real
fake&#10;end]]>
            </attribute> <!-- expected -->
            <attribute name="hint">
              <![CDATA[5]]>
            </attribute> <!-- hint -->
          </attributes>
        </test-method> <!-- test_public_05 -->
        <test-method signature="test_public_06()[pri:0, instance:Autograder@6c1a5b54]" started-at="2026-04-23T09:06:56Z" name="test_public_06" finished-at="2026-04-23T09:06:56Z" duration-ms="1" status="PASS">
          <reporter-output>
          </reporter-output>
          <attributes>
            <attribute name="output">
              <![CDATA[hehehe")]]]]><![CDATA[></message>]]>
            </attribute> <!-- output -->
            <attribute name="expression">
              <![CDATA[EmojiChecker.containsEmoji("hehehe\")]]]]><![CDATA[></message>")]]>
            </attribute> <!-- expression -->
            <attribute name="expected">
              <![CDATA[hehehe")]]]]><![CDATA[></message>]]>
            </attribute> <!-- expected -->
          </attributes>
        </test-method> <!-- test_public_06 -->
      </class> <!-- Autograder -->
    </test> <!-- tests -->
  </suite> <!-- AllTests -->
</testng-results>
