<?xml version="1.0" encoding="UTF-8"?>
<testsuite name="JUnitXmlReporter.constructor" errors="0" skipped="0" tests="3" failures="0" time="0.006" timestamp="2013-05-24T10:23:58">
    <properties>
        <property name="java.vendor" value="Sun Microsystems Inc." />
        <property name="compiler.debug" value="on" />
        <property name="project.jdk.classpath" value="jdk.classpath.1.6" />
    </properties>
    <testcase classname="JUnitXmlReporter.constructor" name="test_public_1" time="0.006" />
    <testcase classname="JUnitXmlReporter.constructor" name="test_private_2" time="0" />
    <testcase classname="JUnitXmlReporter.constructor" name="test_evaluation_3" time="0" />
</testsuite>
