<?xml version="1.0" encoding="UTF-8"?>
<testsuite name="JUnitXmlReporter.constructor" errors="0" skipped="1" tests="3" failures="1" time="0.006" timestamp="2013-05-24T10:23:58">
    <properties>
        <property name="java.vendor" value="Sun Microsystems Inc." />
        <property name="compiler.debug" value="on" />
        <property name="project.jdk.classpath" value="jdk.classpath.1.6" />
    </properties>
    <testcase classname="JUnitXmlReporter.constructor" name="test_public_1" time="0.006">
        <error message="mosaic() takes 1 positional argument but 4 were given" type="TypeError">
            <![CDATA[Traceback (most recent call last):
  File "tests/test_autograde_runes.py", line 53, in test_mosaic
    student_rune = student.mosaic(rcross_bb, sail_bb, corner_bb, nova_bb)
TypeError: mosaic() takes 1 positional argument but 4 were given
]]>		</error>
    </testcase>
    <testcase classname="JUnitXmlReporter.constructor" name="test_private_2" time="0">
        <skipped />
    </testcase>
    <testcase classname="JUnitXmlReporter.constructor" name="test_evaluation_3" time="0" />
</testsuite>
